c:\users\vili\source\repos\montecarlo\montecarlo\x64\debug\montecarlo.pch
c:\users\vili\source\repos\montecarlo\montecarlo\x64\debug\vc141.pdb
c:\users\vili\source\repos\montecarlo\montecarlo\x64\debug\vc141.idb
c:\users\vili\source\repos\montecarlo\montecarlo\x64\debug\pch.obj
c:\users\vili\source\repos\montecarlo\montecarlo\x64\debug\visualizer.obj
c:\users\vili\source\repos\montecarlo\montecarlo\x64\debug\quadratic_surface.obj
c:\users\vili\source\repos\montecarlo\montecarlo\x64\debug\input_reader.obj
c:\users\vili\source\repos\montecarlo\montecarlo\x64\debug\neutrons.obj
c:\users\vili\source\repos\montecarlo\montecarlo\x64\debug\neutron.obj
c:\users\vili\source\repos\montecarlo\montecarlo\x64\debug\montecarlo.obj
c:\users\vili\source\repos\montecarlo\montecarlo\x64\debug\endf_obj.obj
c:\users\vili\source\repos\montecarlo\montecarlo\x64\debug\derived_surface.obj
c:\users\vili\source\repos\montecarlo\montecarlo\x64\debug\cell.obj
c:\users\vili\source\repos\montecarlo\montecarlo\x64\debug\montecarlo.res
c:\users\vili\source\repos\montecarlo\x64\debug\montecarlo.pdb
c:\users\vili\source\repos\montecarlo\montecarlo\x64\debug\montecarlo.tlog\cl.command.1.tlog
c:\users\vili\source\repos\montecarlo\montecarlo\x64\debug\montecarlo.tlog\cl.read.1.tlog
c:\users\vili\source\repos\montecarlo\montecarlo\x64\debug\montecarlo.tlog\cl.write.1.tlog
c:\users\vili\source\repos\montecarlo\montecarlo\x64\debug\montecarlo.tlog\link-cvtres.read.1.tlog
c:\users\vili\source\repos\montecarlo\montecarlo\x64\debug\montecarlo.tlog\link-cvtres.write.1.tlog
c:\users\vili\source\repos\montecarlo\montecarlo\x64\debug\montecarlo.tlog\link-rc.read.1.tlog
c:\users\vili\source\repos\montecarlo\montecarlo\x64\debug\montecarlo.tlog\link-rc.write.1.tlog
c:\users\vili\source\repos\montecarlo\montecarlo\x64\debug\montecarlo.tlog\link.command.1.tlog
c:\users\vili\source\repos\montecarlo\montecarlo\x64\debug\montecarlo.tlog\link.read.1.tlog
c:\users\vili\source\repos\montecarlo\montecarlo\x64\debug\montecarlo.tlog\link.write.1.tlog
c:\users\vili\source\repos\montecarlo\montecarlo\x64\debug\montecarlo.tlog\rc.command.1.tlog
c:\users\vili\source\repos\montecarlo\montecarlo\x64\debug\montecarlo.tlog\rc.read.1.tlog
c:\users\vili\source\repos\montecarlo\montecarlo\x64\debug\montecarlo.tlog\rc.write.1.tlog
