c:\users\vili\source\repos\montecarlo\montecarlo\debug\montecarlo.pch
c:\users\vili\source\repos\montecarlo\montecarlo\debug\vc141.pdb
c:\users\vili\source\repos\montecarlo\montecarlo\debug\vc141.idb
c:\users\vili\source\repos\montecarlo\montecarlo\debug\pch.obj
c:\users\vili\source\repos\montecarlo\montecarlo\debug\test.obj
c:\users\vili\source\repos\montecarlo\montecarlo\debug\montecarlo.obj
c:\users\vili\source\repos\montecarlo\montecarlo\debug\input_reader.obj
c:\users\vili\source\repos\montecarlo\montecarlo\debug\quadratic_surface.obj
c:\users\vili\source\repos\montecarlo\debug\montecarlo.exe
c:\users\vili\source\repos\montecarlo\debug\montecarlo.ilk
c:\users\vili\source\repos\montecarlo\debug\montecarlo.pdb
c:\users\vili\source\repos\montecarlo\montecarlo\debug\montecarlo.res
c:\users\vili\source\repos\montecarlo\montecarlo\debug\montecarlo.tlog\cl.command.1.tlog
c:\users\vili\source\repos\montecarlo\montecarlo\debug\montecarlo.tlog\cl.read.1.tlog
c:\users\vili\source\repos\montecarlo\montecarlo\debug\montecarlo.tlog\cl.write.1.tlog
c:\users\vili\source\repos\montecarlo\montecarlo\debug\montecarlo.tlog\link.command.1.tlog
c:\users\vili\source\repos\montecarlo\montecarlo\debug\montecarlo.tlog\link.read.1.tlog
c:\users\vili\source\repos\montecarlo\montecarlo\debug\montecarlo.tlog\link.write.1.tlog
c:\users\vili\source\repos\montecarlo\montecarlo\debug\montecarlo.tlog\rc.command.1.tlog
c:\users\vili\source\repos\montecarlo\montecarlo\debug\montecarlo.tlog\rc.read.1.tlog
c:\users\vili\source\repos\montecarlo\montecarlo\debug\montecarlo.tlog\rc.write.1.tlog
