c:\users\vili\source\repos\montecarlo\montecarlo\x64\release\montecarlo.pch
c:\users\vili\source\repos\montecarlo\montecarlo\x64\release\vc141.pdb
c:\users\vili\source\repos\montecarlo\montecarlo\x64\release\pch.obj
c:\users\vili\source\repos\montecarlo\montecarlo\x64\release\visualizer.obj
c:\users\vili\source\repos\montecarlo\montecarlo\x64\release\quadratic_surface.obj
c:\users\vili\source\repos\montecarlo\montecarlo\x64\release\input_reader.obj
c:\users\vili\source\repos\montecarlo\montecarlo\x64\release\neutrons.obj
c:\users\vili\source\repos\montecarlo\montecarlo\x64\release\neutron.obj
c:\users\vili\source\repos\montecarlo\montecarlo\x64\release\montecarlo.obj
c:\users\vili\source\repos\montecarlo\montecarlo\x64\release\endf_obj.obj
c:\users\vili\source\repos\montecarlo\montecarlo\x64\release\derived_surface.obj
c:\users\vili\source\repos\montecarlo\montecarlo\x64\release\cell.obj
c:\users\vili\source\repos\montecarlo\x64\release\montecarlo.exe
c:\users\vili\source\repos\montecarlo\x64\release\montecarlo.pdb
c:\users\vili\source\repos\montecarlo\x64\release\montecarlo.ipdb
c:\users\vili\source\repos\montecarlo\x64\release\montecarlo.iobj
c:\users\vili\source\repos\montecarlo\montecarlo\x64\release\montecarlo.res
c:\users\vili\source\repos\montecarlo\montecarlo\x64\release\montecarlo.tlog\cl.command.1.tlog
c:\users\vili\source\repos\montecarlo\montecarlo\x64\release\montecarlo.tlog\cl.read.1.tlog
c:\users\vili\source\repos\montecarlo\montecarlo\x64\release\montecarlo.tlog\cl.write.1.tlog
c:\users\vili\source\repos\montecarlo\montecarlo\x64\release\montecarlo.tlog\link.command.1.tlog
c:\users\vili\source\repos\montecarlo\montecarlo\x64\release\montecarlo.tlog\link.read.1.tlog
c:\users\vili\source\repos\montecarlo\montecarlo\x64\release\montecarlo.tlog\link.write.1.tlog
c:\users\vili\source\repos\montecarlo\montecarlo\x64\release\montecarlo.tlog\montecarlo.write.1u.tlog
c:\users\vili\source\repos\montecarlo\montecarlo\x64\release\montecarlo.tlog\rc.command.1.tlog
c:\users\vili\source\repos\montecarlo\montecarlo\x64\release\montecarlo.tlog\rc.read.1.tlog
c:\users\vili\source\repos\montecarlo\montecarlo\x64\release\montecarlo.tlog\rc.write.1.tlog
